[22:45:17] [ServerMain/INFO]: [bootstrap] Running Java 21 (OpenJDK 64-Bit Server VM 21.0.5+11-Ubuntu-1ubuntu120.04; Ubuntu null) on Linux 6.5.0-1025-azure (amd64)
[22:45:17] [ServerMain/INFO]: [bootstrap] Loading Paper 1.21.1-57-master@b483da4 (2024-09-01T18:09:05Z) for Minecraft 1.21.1
[22:45:17] [ServerMain/INFO]: [PluginInitializerManager] Initializing plugins...
[22:45:18] [ServerMain/INFO]: [PluginInitializerManager] Initialized 0 plugins
[22:45:19] [Paper Plugin Remapper Thread - 0/INFO]: [ReobfServer] Remapping server...
[22:45:29] [ServerMain/INFO]: Environment: Environment[sessionHost=https://sessionserver.mojang.com, servicesHost=https://api.minecraftservices.com, name=PROD]
[22:45:30] [ServerMain/INFO]: Found new data pack file/bukkit, loading it automatically
[22:45:30] [ServerMain/INFO]: Found new data pack paper, loading it automatically
[22:45:34] [ServerMain/INFO]: Loaded 1290 recipes
[22:45:35] [ServerMain/INFO]: Loaded 1399 advancements
[22:45:36] [Server thread/INFO]: Starting minecraft server version 1.21.1
[22:45:36] [Server thread/INFO]: Loading properties
[22:45:36] [Server thread/INFO]: This server is running Paper version 1.21.1-57-master@b483da4 (2024-09-01T18:09:05Z) (Implementing API version 1.21.1-R0.1-SNAPSHOT)
[22:45:36] [Paper Plugin Remapper Thread - 0/INFO]: [ReobfServer] Done remapping server in 16486ms.
[22:45:37] [Server thread/INFO]: [spark] This server bundles the spark profiler. For more information please visit https://docs.papermc.io/paper/profiling
[22:45:37] [Server thread/INFO]: Server Ping Player Sample Count: 12
[22:45:37] [Server thread/INFO]: Using 4 threads for Netty based IO
[22:45:38] [Server thread/INFO]: [ChunkTaskScheduler] Chunk system is using 1 I/O threads, 1 worker threads, and population gen parallelism of 1 threads
[22:45:39] [Server thread/INFO]: Default game type: SURVIVAL
[22:45:39] [Server thread/INFO]: Generating keypair
[22:45:39] [Server thread/INFO]: Starting Minecraft server on *:25565
[22:45:39] [Server thread/INFO]: Using epoll channel type
[22:45:39] [Server thread/INFO]: Paper: Using libdeflate (Linux x86_64) compression from Velocity.
[22:45:39] [Server thread/INFO]: Paper: Using OpenSSL 1.1.x (Linux x86_64) cipher from Velocity.
[22:45:39] [Server thread/WARN]: **** SERVER IS RUNNING IN OFFLINE/INSECURE MODE!
[22:45:39] [Server thread/WARN]: The server will make no attempt to authenticate usernames. Beware.
[22:45:39] [Server thread/WARN]: While this makes the game possible to play without internet access, it also opens up the ability for hackers to connect with any username they choose.
[22:45:39] [Server thread/WARN]: To change this, set "online-mode" to "true" in the server.properties file.
[22:45:39] [Server thread/INFO]: Preparing level "world"
[22:45:40] [Server thread/INFO]: ---- Migration of old nether folder required ----
[22:45:40] [Server thread/INFO]: Unfortunately due to the way that Minecraft implemented multiworld support in 1.6, Bukkit requires that you move your nether folder to a new location in order to operate correctly.
[22:45:40] [Server thread/INFO]: We will move this folder for you, but it will mean that you need to move it back should you wish to stop using Bukkit in the future.
[22:45:40] [Server thread/INFO]: Attempting to move world/DIM-1 to world_nether/DIM-1...
[22:45:40] [Server thread/INFO]: Success! To restore nether in the future, simply move world_nether/DIM-1 to world/DIM-1
[22:45:40] [Server thread/INFO]: ---- Migration of old nether folder complete ----
[22:45:40] [Server thread/INFO]: ---- Migration of old the_end folder required ----
[22:45:40] [Server thread/INFO]: Unfortunately due to the way that Minecraft implemented multiworld support in 1.6, Bukkit requires that you move your the_end folder to a new location in order to operate correctly.
[22:45:40] [Server thread/INFO]: We will move this folder for you, but it will mean that you need to move it back should you wish to stop using Bukkit in the future.
[22:45:40] [Server thread/INFO]: Attempting to move world/DIM1 to world_the_end/DIM1...
[22:45:40] [Server thread/INFO]: Success! To restore the_end in the future, simply move world_the_end/DIM1 to world/DIM1
[22:45:40] [Server thread/INFO]: ---- Migration of old the_end folder complete ----
[22:45:40] [Server thread/INFO]: Preparing start region for dimension minecraft:overworld
[22:45:43] [Server thread/INFO]: Time elapsed: 2752 ms
[22:45:43] [Server thread/INFO]: Preparing start region for dimension minecraft:the_nether
[22:45:53] [Server thread/INFO]: Time elapsed: 10132 ms
[22:45:53] [Server thread/INFO]: Preparing start region for dimension minecraft:the_end
[22:45:56] [Server thread/INFO]: Time elapsed: 3017 ms
[22:45:56] [Server thread/INFO]: [spark] Starting background profiler...
[22:45:56] [Server thread/INFO]: Done preparing level "world" (17.204s)
[22:45:56] [Server thread/INFO]: Running delayed init tasks
[22:45:56] [Server thread/INFO]: Done (40.527s)! For help, type "help"
[22:45:56] [Server thread/INFO]: *************************************************************************************
[22:45:56] [Server thread/INFO]: This is the first time you're starting this server.
[22:45:56] [Server thread/INFO]: It's recommended you read our 'Getting Started' documentation for guidance.
[22:45:56] [Server thread/INFO]: View this and more helpful information here: https://docs.papermc.io/paper/next-steps
[22:45:56] [Server thread/INFO]: *************************************************************************************
[22:45:56] [Server thread/INFO]: Timings Reset
[22:48:13] [Server thread/INFO]: Stopping the server
[22:48:13] [Server thread/INFO]: Stopping server
[22:48:13] [Server thread/INFO]: Saving players
[22:48:13] [Server thread/INFO]: Saving worlds
[22:48:13] [Server thread/INFO]: Saving chunks for level 'ServerLevel[world]'/minecraft:overworld
[22:48:13] [Server thread/INFO]: [ChunkHolderManager] Waiting 60s for chunk system to halt for world 'world'
[22:48:13] [Server thread/INFO]: [ChunkHolderManager] Halted chunk system for world 'world'
[22:48:13] [Server thread/INFO]: [ChunkHolderManager] Saving all chunkholders for world 'world'
[22:48:13] [Server thread/INFO]: [ChunkHolderManager] Saved 49 block chunks, 49 entity chunks, 0 poi chunks in world 'world' in 0.35s
[22:48:13] [Server thread/INFO]: Saving chunks for level 'ServerLevel[world_nether]'/minecraft:the_nether
[22:48:13] [Server thread/INFO]: [ChunkHolderManager] Waiting 60s for chunk system to halt for world 'world_nether'
[22:48:13] [Server thread/INFO]: [ChunkHolderManager] Halted chunk system for world 'world_nether'
[22:48:13] [Server thread/INFO]: [ChunkHolderManager] Saving all chunkholders for world 'world_nether'
[22:48:14] [Server thread/INFO]: [ChunkHolderManager] Saved 841 block chunks, 49 entity chunks, 0 poi chunks in world 'world_nether' in 1.02s
[22:48:14] [Server thread/INFO]: Saving chunks for level 'ServerLevel[world_the_end]'/minecraft:the_end
[22:48:14] [Server thread/INFO]: [ChunkHolderManager] Waiting 60s for chunk system to halt for world 'world_the_end'
[22:48:14] [Server thread/INFO]: [ChunkHolderManager] Halted chunk system for world 'world_the_end'
[22:48:14] [Server thread/INFO]: [ChunkHolderManager] Saving all chunkholders for world 'world_the_end'
[22:48:15] [Server thread/INFO]: [ChunkHolderManager] Saved 841 block chunks, 49 entity chunks, 0 poi chunks in world 'world_the_end' in 0.78s
[22:48:15] [Server thread/INFO]: ThreadedAnvilChunkStorage (world): All chunks are saved
[22:48:15] [Server thread/INFO]: ThreadedAnvilChunkStorage (DIM-1): All chunks are saved
[22:48:15] [Server thread/INFO]: ThreadedAnvilChunkStorage (DIM1): All chunks are saved
[22:48:15] [Server thread/INFO]: ThreadedAnvilChunkStorage: All dimensions are saved
